2018-11-19 15:45:42,384 [1] WARN TcpServer.TcpServer - Uh-oh
2018-11-19 15:46:19,208 [1] WARN TcpServer.TcpServer - Uh-oh
2018-11-19 15:55:53,431 [1] INFO TcpServer.TcpServer - Starting TcpServer
2018-11-19 15:55:53,445 [1] INFO TcpServer.TcpServer - Waiting for a connection
2018-11-19 15:55:58,778 [3] DEBUG TcpServer.TcpServer - Handling new connection
2018-11-19 15:55:58,786 [3] INFO TcpServer.TcpServer - New Subscriber registered
2018-11-19 15:55:58,791 [3] DEBUG TcpServer.TcpServer - Handling new connection
2018-11-19 15:55:58,793 [3] INFO TcpServer.TcpServer - New Publisher registered (ID = )
2018-11-19 16:32:53,309 [1] INFO TcpServer.TcpServer - Starting TcpServer
2018-11-19 16:32:53,324 [1] INFO TcpServer.TcpServer - Waiting for a connection
2018-11-19 16:33:13,081 [3] DEBUG TcpServer.TcpServer - Handling new connection
2018-11-19 16:33:13,090 [3] INFO TcpServer.Connection - Sending enabled
2018-11-19 16:33:13,090 [4] INFO TcpServer.Connection - Receiving enabled
2018-11-19 16:33:13,092 [3] INFO TcpServer.TcpServer - New Subscriber registered
2018-11-19 16:33:13,095 [3] DEBUG TcpServer.TcpServer - Handling new connection
2018-11-19 16:33:13,096 [3] INFO TcpServer.TcpServer - New Publisher registered (ID = )
2018-11-19 16:33:13,096 [5] INFO TcpServer.Connection - Receiving enabled
2018-11-19 16:33:13,111 [4] DEBUG TcpServer.Connection - Received data (pub05)
2018-11-19 16:33:13,124 [5] DEBUG TcpServer.Connection - Received data (message0)
2018-11-19 16:33:14,135 [5] DEBUG TcpServer.Connection - Received data (message1)
2018-11-19 16:33:15,148 [5] DEBUG TcpServer.Connection - Received data (message2)
2018-11-19 16:33:16,163 [5] DEBUG TcpServer.Connection - Received data (message3)
2018-11-19 16:33:17,180 [5] DEBUG TcpServer.Connection - Received data (message4)
2018-11-19 16:33:18,195 [5] DEBUG TcpServer.Connection - Received data (message5)
2018-11-19 16:33:19,208 [5] DEBUG TcpServer.Connection - Received data (message6)
2018-11-19 16:33:20,219 [5] DEBUG TcpServer.Connection - Received data (message7)
2018-11-19 16:33:21,232 [5] DEBUG TcpServer.Connection - Received data (message8)
2018-11-19 16:33:22,243 [5] DEBUG TcpServer.Connection - Received data (message9)
2018-11-19 16:33:23,256 [5] DEBUG TcpServer.Connection - Received data (message10)
2018-11-19 16:33:24,267 [5] DEBUG TcpServer.Connection - Received data (message11)
2018-11-19 16:33:25,280 [5] DEBUG TcpServer.Connection - Received data (message12)
2018-11-19 16:33:26,295 [5] DEBUG TcpServer.Connection - Received data (message13)
2018-11-19 16:33:27,308 [5] DEBUG TcpServer.Connection - Received data (message14)
2018-11-19 16:33:28,322 [5] DEBUG TcpServer.Connection - Received data (message15)
2018-11-19 16:33:29,335 [5] DEBUG TcpServer.Connection - Received data (message16)
2018-11-19 16:33:30,348 [5] DEBUG TcpServer.Connection - Received data (message17)
2018-11-19 16:33:31,359 [5] DEBUG TcpServer.Connection - Received data (message18)
2018-11-19 16:33:31,818 [5] WARN TcpServer.Connection - Socket connection closed
2018-11-19 16:33:31,818 [4] WARN TcpServer.Connection - Socket connection closed
2018-11-19 16:48:56,085 [1] INFO TcpServer.TcpServer - Starting TcpServer
2018-11-19 16:48:56,109 [1] INFO TcpServer.TcpServer - Waiting for a connection
2018-11-19 16:49:00,715 [3] DEBUG TcpServer.TcpServer - Handling new connection
2018-11-19 16:49:00,727 [4] DEBUG TcpServer.TcpServer - Handling new connection
2018-11-19 16:50:48,442 [1] INFO TcpServer.TcpServer - Starting TcpServer
2018-11-19 16:50:48,457 [1] INFO TcpServer.TcpServer - Waiting for a connection
2018-11-19 16:50:54,328 [3] DEBUG TcpServer.TcpServer - Handling new connection
2018-11-19 16:50:54,336 [3] INFO TcpServer.Connection - Sending enabled
2018-11-19 16:50:54,336 [4] INFO TcpServer.Connection - Receiving enabled
2018-11-19 16:50:54,338 [3] INFO TcpServer.TcpServer - New Subscriber registered
2018-11-19 16:50:54,343 [3] DEBUG TcpServer.TcpServer - Handling new connection
2018-11-19 16:50:54,346 [3] ERROR TcpServer.TcpServer - Non-escape byte received in first message
2018-11-19 16:50:54,356 [4] DEBUG TcpServer.Connection - Received data (pub05)
2018-11-19 16:51:55,679 [4] WARN TcpServer.Connection - Socket connection closed
2018-11-19 16:52:45,580 [1] INFO TcpServer.TcpServer - Starting TcpServer
2018-11-19 16:52:45,596 [1] INFO TcpServer.TcpServer - Waiting for a connection
2018-11-19 16:53:04,292 [3] DEBUG TcpServer.TcpServer - Handling new connection
2018-11-19 16:53:04,300 [3] INFO TcpServer.Connection - Sending enabled
2018-11-19 16:53:04,301 [4] INFO TcpServer.Connection - Receiving enabled
2018-11-19 16:53:04,303 [3] INFO TcpServer.TcpServer - New Subscriber registered
2018-11-19 16:53:04,310 [4] DEBUG TcpServer.Connection - Received data (pub05)
2018-11-19 16:55:34,536 [1] INFO TcpServer.TcpServer - Starting TcpServer
2018-11-19 16:55:34,559 [1] INFO TcpServer.TcpServer - Waiting for a connection
2018-11-19 16:55:37,379 [3] DEBUG TcpServer.TcpServer - Handling new connection
2018-11-19 16:55:37,417 [3] INFO TcpServer.Connection - Sending enabled
2018-11-19 16:55:37,418 [4] INFO TcpServer.Connection - Receiving enabled
2018-11-19 16:58:08,472 [4] DEBUG TcpServer.Connection - Received data (pub05)
2018-11-19 16:58:08,484 [4] WARN TcpServer.Connection - Socket connection closed
2018-11-19 16:58:08,484 [6] DEBUG TcpServer.TcpServer - Handling new connection
2018-11-19 16:58:08,484 [6] INFO TcpServer.Connection - Sending enabled
2018-11-19 16:58:08,484 [6] INFO TcpServer.TcpServer - New Subscriber registered
2018-11-19 16:58:08,484 [6] INFO TcpServer.Connection - Receiving enabled
2018-11-19 16:58:08,484 [3] INFO TcpServer.TcpServer - New Subscriber registered
2018-11-19 16:58:18,486 [1] INFO TcpServer.TcpServer - Starting TcpServer
2018-11-19 16:58:18,512 [1] INFO TcpServer.TcpServer - Waiting for a connection
2018-11-19 16:58:22,604 [3] DEBUG TcpServer.TcpServer - Handling new connection
2018-11-19 16:58:22,642 [3] INFO TcpServer.Connection - Sending enabled
2018-11-19 16:58:22,643 [4] INFO TcpServer.Connection - Receiving enabled
2018-11-19 16:58:22,645 [3] INFO TcpServer.TcpServer - New Subscriber registered
2018-11-19 16:59:03,171 [4] WARN TcpServer.Connection - Socket connection closed
2018-11-19 16:59:15,464 [1] INFO TcpServer.TcpServer - Starting TcpServer
2018-11-19 16:59:15,487 [1] INFO TcpServer.TcpServer - Waiting for a connection
2018-11-19 16:59:20,391 [3] DEBUG TcpServer.TcpServer - Handling new connection
2018-11-19 16:59:20,425 [3] INFO TcpServer.Connection - Sending enabled
2018-11-19 16:59:20,427 [3] INFO TcpServer.TcpServer - New Subscriber registered
2018-11-19 16:59:20,428 [4] INFO TcpServer.Connection - Receiving enabled
2018-11-19 17:05:50,105 [1] INFO TcpServer.TcpServer - Starting TcpServer
2018-11-19 17:05:50,130 [1] INFO TcpServer.TcpServer - Waiting for a connection
2018-11-19 17:05:55,965 [3] DEBUG TcpServer.TcpServer - Handling new connection
2018-11-19 17:05:55,998 [3] INFO TcpServer.Connection - Sending enabled
2018-11-19 17:05:56,010 [3] INFO TcpServer.TcpServer - New Subscriber registered
2018-11-19 17:05:56,010 [4] INFO TcpServer.Connection - Receiving enabled
2018-11-19 17:08:17,967 [1] INFO TcpServer.TcpServer - Starting TcpServer
2018-11-19 17:08:17,982 [1] INFO TcpServer.TcpServer - Waiting for a connection
2018-11-19 17:08:23,262 [3] DEBUG TcpServer.TcpServer - Handling new connection
2018-11-19 17:08:23,270 [3] INFO TcpServer.Connection - Sending enabled
2018-11-19 17:08:23,271 [4] INFO TcpServer.Connection - Receiving enabled
2018-11-19 17:08:23,273 [3] INFO TcpServer.TcpServer - New Subscriber registered
2018-11-19 17:08:23,280 [4] DEBUG TcpServer.Connection - Received control command (83)
2018-11-19 17:08:53,577 [4] WARN TcpServer.Connection - Socket connection closed
2018-11-19 17:09:40,963 [1] INFO TcpServer.TcpServer - Starting TcpServer
2018-11-19 17:09:40,985 [1] INFO TcpServer.TcpServer - Waiting for a connection
2018-11-19 17:09:51,989 [3] DEBUG TcpServer.TcpServer - Handling new connection
2018-11-19 17:09:52,049 [3] INFO TcpServer.Connection - Sending enabled
2018-11-19 17:09:52,049 [5] INFO TcpServer.Connection - Receiving enabled
2018-11-19 17:09:52,049 [5] DEBUG TcpServer.Connection - Received control command (83)
2018-11-19 17:11:30,795 [1] INFO TcpServer.TcpServer - Starting TcpServer
2018-11-19 17:11:30,810 [1] INFO TcpServer.TcpServer - Waiting for a connection
2018-11-19 17:11:33,378 [3] DEBUG TcpServer.TcpServer - Handling new connection
2018-11-19 17:11:33,387 [3] INFO TcpServer.Connection - Sending enabled
2018-11-19 17:11:33,387 [4] INFO TcpServer.Connection - Receiving enabled
2018-11-19 17:11:33,389 [3] INFO TcpServer.TcpServer - New Subscriber registered
2018-11-19 17:11:33,400 [4] DEBUG TcpServer.Connection - Received control command (83)
2018-11-19 17:11:33,401 [4] INFO TcpServer.Subscriber - Subscribing to Publisher (pub05)
2018-11-19 17:23:29,202 [1] INFO TcpServer.TcpServer - Starting TcpServer
2018-11-19 17:23:29,218 [1] INFO TcpServer.TcpServer - Waiting for a connection
2018-11-19 17:23:33,139 [3] DEBUG TcpServer.TcpServer - Handling new connection
2018-11-19 17:23:33,147 [3] INFO TcpServer.Connection - Sending enabled
2018-11-19 17:23:33,148 [4] INFO TcpServer.Connection - Receiving enabled
2018-11-19 17:23:33,150 [3] INFO TcpServer.TcpServer - New Subscriber registered
2018-11-19 17:23:33,155 [3] DEBUG TcpServer.TcpServer - Handling new connection
2018-11-19 17:23:33,160 [3] INFO TcpServer.Connection - Sending enabled
2018-11-19 17:23:33,160 [3] INFO TcpServer.TcpServer - New Publisher registered (ID = pub05)
2018-11-19 17:23:33,170 [4] DEBUG TcpServer.Connection - Received control command (83)
2018-11-19 17:23:33,172 [4] INFO TcpServer.Subscriber - Subscribing to Publisher (pub05)
